<?xml version="1.0" encoding="UTF-8"?>
<!-- Generated by org.testng.reporters.JUnitXMLReporter -->
<testsuite ignored="0" hostname="Vishwajit" failures="0" tests="5" name="Default test" time="21.471" errors="0" timestamp="07 Sep 2024 11:11:06 GMT">
  <testcase classname="myPackage.innovationCount" name="verifyLogin" time="4.919"/>
  <testcase classname="myPackage.innovationCount" name="verifyLogin" time="4.265"/>
  <testcase classname="myPackage.innovationCount" name="verifyLogin" time="4.123"/>
  <testcase classname="myPackage.innovationCount" name="verifyLogin" time="4.21"/>
  <testcase classname="myPackage.innovationCount" name="verifyLogin" time="3.926"/>
</testsuite> <!-- Default test -->
