<?xml version="1.0" encoding="UTF-8"?>
<!-- Generated by org.testng.reporters.JUnitXMLReporter -->
<testsuite ignored="0" hostname="Vishwajit" failures="0" tests="4" name="annotation" time="0.071" errors="0" timestamp="05 Sep 2024 14:37:12 GMT">
  <testcase classname="myPackage.annotations" name="test" time="0.004"/>
  <testcase classname="myPackage.annotations" name="test2" time="0.003"/>
  <testcase classname="myPackage.annotation" name="test" time="0.011"/>
  <testcase classname="myPackage.annotation" name="test2" time="0.002"/>
</testsuite> <!-- annotation -->
