<?xml version="1.0" encoding="UTF-8"?>
<!-- Generated by org.testng.reporters.JUnitXMLReporter -->
<testsuite ignored="4" hostname="Vishwajit" failures="0" tests="2" name="LoanLogin" time="0.027" errors="0" timestamp="05 Sep 2024 13:58:50 GMT">
  <testcase classname="maven.testNG.LoanService" name="MobileLoginCarLoan" time="0.007"/>
  <testcase classname="maven.testNG.LoanService" name="MobileLoginPersonalLoan" time="0.001"/>
  <testcase classname="maven.testNG.LoanService" name="APILoginCarLoan" time="0.0">
    <ignored/>
  </testcase> <!-- APILoginCarLoan -->
  <testcase classname="maven.testNG.LoanService" name="WebLoginCarLoan" time="0.0">
    <ignored/>
  </testcase> <!-- WebLoginCarLoan -->
  <testcase classname="maven.testNG.LoanService" name="APILoginPersonalLoan" time="0.0">
    <ignored/>
  </testcase> <!-- APILoginPersonalLoan -->
  <testcase classname="maven.testNG.LoanService" name="WebLoginPersonalLoan" time="0.0">
    <ignored/>
  </testcase> <!-- WebLoginPersonalLoan -->
</testsuite> <!-- LoanLogin -->
