<?xml version="1.0" encoding="UTF-8"?>
<!-- Generated by org.testng.reporters.JUnitXMLReporter -->
<testsuite ignored="0" hostname="Vishwajit" failures="2" tests="3" name="Test" time="0.333" errors="0" timestamp="2024-09-24T22:38:31 IST">
  <testcase classname="ReTryTestCases.ReTestCase" name="TestCase1" time="0.181">
    <failure type="junit.framework.AssertionFailedError">
      <![CDATA[junit.framework.AssertionFailedError
at junit.framework.Assert.fail(Assert.java:47)
at junit.framework.Assert.assertTrue(Assert.java:20)
at junit.framework.Assert.assertTrue(Assert.java:27)
at ReTryTestCases.ReTestCase.TestCase1(ReTestCase.java:12)
at java.base/java.util.ArrayList.forEach(ArrayList.java:1597)
... Removed 25 stack frames]]>
    </failure>
  </testcase> <!-- TestCase1 -->
  <testcase classname="ReTryTestCases.ReTestCase" name="TestCase2" time="0.004"/>
  <testcase classname="ReTryTestCases.ReTestCase" name="TestCase3" time="0.002">
    <failure type="junit.framework.AssertionFailedError">
      <![CDATA[junit.framework.AssertionFailedError
at junit.framework.Assert.fail(Assert.java:47)
at junit.framework.Assert.assertTrue(Assert.java:20)
at junit.framework.Assert.assertTrue(Assert.java:27)
at ReTryTestCases.ReTestCase.TestCase3(ReTestCase.java:26)
at java.base/java.util.ArrayList.forEach(ArrayList.java:1597)
... Removed 25 stack frames]]>
    </failure>
  </testcase> <!-- TestCase3 -->
</testsuite> <!-- Test -->
