<?xml version="1.0" encoding="UTF-8"?>
<!-- Generated by org.testng.reporters.JUnitXMLReporter -->
<testsuite ignored="0" hostname="Vishwajit" failures="0" tests="5" name="SanityTesting" time="0.048" errors="0" timestamp="06 Sep 2024 22:03:44 GMT">
  <testcase classname="batchTesting.HomeScreenTest" name="LaunchApp" time="0.009"/>
  <testcase classname="batchTesting.HomeScreenTest" name="VerfyTitle" time="0.002"/>
  <testcase classname="batchTesting.HomeScreenTest" name="VerifyLogo" time="0.003"/>
  <testcase classname="batchTesting.LoginTest" name="LoginViaEmail" time="0.002"/>
  <testcase classname="batchTesting.LoginTest" name="LoginViaMobile" time="0.001"/>
</testsuite> <!-- SanityTesting -->
