<?xml version="1.0" encoding="UTF-8"?>
<testng-results ignored="0" total="1" passed="1" failed="0" skipped="0">
  <reporter-output>
  </reporter-output>
  <suite started-at="2024-09-23T00:41:10 IST" name="Default suite" finished-at="2024-09-23T00:41:24 IST" duration-ms="14514">
    <groups>
    </groups>
    <test started-at="2024-09-23T00:41:10 IST" name="Default test" finished-at="2024-09-23T00:41:24 IST" duration-ms="14514">
      <class name="myPackage.verifyTitle">
        <test-method signature="title()[pri:0, instance:myPackage.verifyTitle@222545dc]" started-at="2024-09-23T00:41:10 IST" name="title" finished-at="2024-09-23T00:41:24 IST" duration-ms="14475" status="PASS">
          <reporter-output>
          </reporter-output>
        </test-method> <!-- title -->
      </class> <!-- myPackage.verifyTitle -->
    </test> <!-- Default test -->
  </suite> <!-- Default suite -->
</testng-results>
