<?xml version="1.0" encoding="UTF-8"?>
<testng-results ignored="0" total="5" passed="5" failed="0" skipped="0">
  <reporter-output>
  </reporter-output>
  <suite started-at="2024-09-07T11:10:45Z" name="Default suite" finished-at="2024-09-07T11:11:06Z" duration-ms="21471">
    <groups>
    </groups>
    <test started-at="2024-09-07T11:10:45Z" name="Default test" finished-at="2024-09-07T11:11:06Z" duration-ms="21471">
      <class name="myPackage.innovationCount">
        <test-method signature="verifyLogin(org.testng.ITestContext)[pri:0, instance:myPackage.innovationCount@6b695b06]" started-at="2024-09-07T11:10:45Z" name="verifyLogin" finished-at="2024-09-07T11:10:50Z" duration-ms="4919" status="PASS">
          <params>
            <param index="0">
              <value>
                <![CDATA[org.testng.TestRunner@28194a50]]>
              </value>
            </param>
          </params>
          <reporter-output>
          </reporter-output>
        </test-method> <!-- verifyLogin -->
        <test-method signature="verifyLogin(org.testng.ITestContext)[pri:0, instance:myPackage.innovationCount@6b695b06]" started-at="2024-09-07T11:10:50Z" name="verifyLogin" finished-at="2024-09-07T11:10:54Z" duration-ms="4265" status="PASS">
          <params>
            <param index="0">
              <value>
                <![CDATA[org.testng.TestRunner@28194a50]]>
              </value>
            </param>
          </params>
          <reporter-output>
          </reporter-output>
        </test-method> <!-- verifyLogin -->
        <test-method signature="verifyLogin(org.testng.ITestContext)[pri:0, instance:myPackage.innovationCount@6b695b06]" started-at="2024-09-07T11:10:54Z" name="verifyLogin" finished-at="2024-09-07T11:10:58Z" duration-ms="4123" status="PASS">
          <params>
            <param index="0">
              <value>
                <![CDATA[org.testng.TestRunner@28194a50]]>
              </value>
            </param>
          </params>
          <reporter-output>
          </reporter-output>
        </test-method> <!-- verifyLogin -->
        <test-method signature="verifyLogin(org.testng.ITestContext)[pri:0, instance:myPackage.innovationCount@6b695b06]" started-at="2024-09-07T11:10:58Z" name="verifyLogin" finished-at="2024-09-07T11:11:02Z" duration-ms="4210" status="PASS">
          <params>
            <param index="0">
              <value>
                <![CDATA[org.testng.TestRunner@28194a50]]>
              </value>
            </param>
          </params>
          <reporter-output>
          </reporter-output>
        </test-method> <!-- verifyLogin -->
        <test-method signature="verifyLogin(org.testng.ITestContext)[pri:0, instance:myPackage.innovationCount@6b695b06]" started-at="2024-09-07T11:11:02Z" name="verifyLogin" finished-at="2024-09-07T11:11:06Z" duration-ms="3926" status="PASS">
          <params>
            <param index="0">
              <value>
                <![CDATA[org.testng.TestRunner@28194a50]]>
              </value>
            </param>
          </params>
          <reporter-output>
          </reporter-output>
        </test-method> <!-- verifyLogin -->
      </class> <!-- myPackage.innovationCount -->
    </test> <!-- Default test -->
  </suite> <!-- Default suite -->
</testng-results>
