<?xml version="1.0" encoding="UTF-8"?>
<!-- Generated by org.testng.reporters.JUnitXMLReporter -->
<testsuite ignored="0" hostname="Vishwajit" failures="0" tests="5" name="functionalTesting" time="0.015" errors="0" timestamp="06 Sep 2024 22:03:44 GMT">
  <testcase classname="batchTesting.PaymentPageTest" name="CreditCard" time="0.001"/>
  <testcase classname="batchTesting.PaymentPageTest" name="NetBanking" time="0.003"/>
  <testcase classname="batchTesting.ProductPageTest" name="AddProductToCart" time="0.002"/>
  <testcase classname="batchTesting.ProductPageTest" name="AddProductToWishList" time="0.001"/>
  <testcase classname="batchTesting.ProductPageTest" name="SelectQuantity" time="0.001"/>
</testsuite> <!-- functionalTesting -->
